<?xml version="1.0" encoding="UTF-8"?>
<testsuites>
  <testsuite name="fastlane.lanes">
    
    
    
      
      <testcase classname="fastlane.lanes" name="0: default_platform" time="0.1552461">
        
      </testcase>
    
      
      <testcase classname="fastlane.lanes" name="1: flutter clean" time="10.8921016">
        
      </testcase>
    
      
      <testcase classname="fastlane.lanes" name="2: flutter build apk --release --flavor Development --target lib/main_development.dart --no-tree-shake-icons" time="651.6094585">
        
          <failure message="C:/Users/Karim/.local/share/gem/ruby/3.4.0/gems/fastlane-2.228.0/fastlane/lib/fastlane/actions/actions_helper.rb:67:in &apos;Fastlane::Actions.execute_action&apos;&#10;C:/Users/Karim/.local/share/gem/ruby/3.4.0/gems/fastlane-2.228.0/fastlane/lib/fastlane/fast_file.rb:224:in &apos;Fastlane::FastFile.sh&apos;&#10;C:/Users/Karim/.local/share/gem/ruby/3.4.0/gems/fastlane-2.228.0/fastlane/lib/fastlane/fast_file.rb:216:in &apos;Fastlane::FastFile#sh&apos;&#10;Fastfile:8:in &apos;block (2 levels) in Fastlane::FastFile#parsing_binding&apos;&#10;C:/Users/Karim/.local/share/gem/ruby/3.4.0/gems/fastlane-2.228.0/fastlane/lib/fastlane/lane.rb:41:in &apos;Fastlane::Lane#call&apos;&#10;C:/Users/Karim/.local/share/gem/ruby/3.4.0/gems/fastlane-2.228.0/fastlane/lib/fastlane/runner.rb:49:in &apos;block in Fastlane::Runner#execute&apos;&#10;C:/Users/Karim/.local/share/gem/ruby/3.4.0/gems/fastlane-2.228.0/fastlane/lib/fastlane/runner.rb:45:in &apos;Dir.chdir&apos;&#10;C:/Users/Karim/.local/share/gem/ruby/3.4.0/gems/fastlane-2.228.0/fastlane/lib/fastlane/runner.rb:45:in &apos;Fastlane::Runner#execute&apos;&#10;C:/Users/Karim/.local/share/gem/ruby/3.4.0/gems/fastlane-2.228.0/fastlane/lib/fastlane/lane_manager.rb:46:in &apos;Fastlane::LaneManager.cruise_lane&apos;&#10;C:/Users/Karim/.local/share/gem/ruby/3.4.0/gems/fastlane-2.228.0/fastlane/lib/fastlane/command_line_handler.rb:34:in &apos;Fastlane::CommandLineHandler.handle&apos;&#10;C:/Users/Karim/.local/share/gem/ruby/3.4.0/gems/fastlane-2.228.0/fastlane/lib/fastlane/commands_generator.rb:110:in &apos;block (2 levels) in Fastlane::CommandsGenerator#run&apos;&#10;C:/Users/Karim/.local/share/gem/ruby/3.4.0/gems/commander-4.6.0/lib/commander/command.rb:187:in &apos;Commander::Command#call&apos;&#10;C:/Users/Karim/.local/share/gem/ruby/3.4.0/gems/commander-4.6.0/lib/commander/command.rb:157:in &apos;Commander::Command#run&apos;&#10;C:/Users/Karim/.local/share/gem/ruby/3.4.0/gems/commander-4.6.0/lib/commander/runner.rb:444:in &apos;Commander::Runner#run_active_command&apos;&#10;C:/Users/Karim/.local/share/gem/ruby/3.4.0/gems/fastlane-2.228.0/fastlane_core/lib/fastlane_core/ui/fastlane_runner.rb:124:in &apos;Commander::Runner#run!&apos;&#10;C:/Users/Karim/.local/share/gem/ruby/3.4.0/gems/commander-4.6.0/lib/commander/delegates.rb:18:in &apos;Commander::Delegates#run!&apos;&#10;C:/Users/Karim/.local/share/gem/ruby/3.4.0/gems/fastlane-2.228.0/fastlane/lib/fastlane/commands_generator.rb:363:in &apos;Fastlane::CommandsGenerator#run&apos;&#10;C:/Users/Karim/.local/share/gem/ruby/3.4.0/gems/fastlane-2.228.0/fastlane/lib/fastlane/commands_generator.rb:43:in &apos;Fastlane::CommandsGenerator.start&apos;&#10;C:/Users/Karim/.local/share/gem/ruby/3.4.0/gems/fastlane-2.228.0/fastlane/lib/fastlane/cli_tools_distributor.rb:123:in &apos;Fastlane::CLIToolsDistributor.take_off&apos;&#10;C:/Users/Karim/.local/share/gem/ruby/3.4.0/gems/fastlane-2.228.0/bin/fastlane:23:in &apos;&lt;top (required)&gt;&apos;&#10;C:/Users/Karim/AppData/Local/Microsoft/WindowsApps/fastlane:36:in &apos;Kernel#load&apos;&#10;C:/Users/Karim/AppData/Local/Microsoft/WindowsApps/fastlane:36:in &apos;&lt;main&gt;&apos;&#10;&#10;Exit status of command &apos;flutter build apk --release --flavor Development --target lib/main_development.dart --no-tree-shake-icons&apos; was 1 instead of 0.&#10;Changing current working directory to: E:\flutter_projects\carefull&#10;Resolving dependencies...&#10;Downloading packages...&#10;  _fe_analyzer_shared 88.0.0 (92.0.0 available)&#10;  analyzer 8.1.1 (9.0.0 available)&#10;  bloc 9.0.0 (9.1.0 available)&#10;  build 4.0.0 (4.0.2 available)&#10;  build_daemon 4.0.4 (4.1.0 available)&#10;  build_runner 2.9.0 (2.10.1 available)&#10;  characters 1.4.0 (1.4.1 available)&#10;  firebase_core 3.15.2 (4.2.0 available)&#10;  firebase_core_web 2.24.1 (3.2.0 available)&#10;  flutter_form_builder 10.1.0 (10.2.0 available)&#10;  flutter_lints 5.0.0 (6.0.0 available)&#10;  flutter_native_splash 2.4.6 (2.4.7 available)&#10;  get_it 8.2.0 (8.3.0 available)&#10;  go_router 16.2.4 (16.3.0 available)&#10;  leak_tracker 10.0.9 (11.0.2 available)&#10;  leak_tracker_flutter_testing 3.0.9 (3.0.10 available)&#10;  leak_tracker_testing 3.0.1 (3.0.2 available)&#10;  lints 5.1.1 (6.0.0 available)&#10;  material_color_utilities 0.11.1 (0.13.0 available)&#10;  meta 1.16.0 (1.17.0 available)&#10;  protobuf 4.2.0 (5.0.0 available)&#10;  retrofit 4.7.2 (4.8.0 available)&#10;  retrofit_generator 10.0.5 (10.1.2 available)&#10;  shared_preferences_android 2.4.13 (2.4.15 available)&#10;  shared_preferences_foundation 2.5.4 (2.5.5 available)&#10;  source_gen 4.0.1 (4.0.2 available)&#10;  test_api 0.7.4 (0.7.7 available)&#10;  vector_math 2.1.4 (2.2.0 available)&#10;  vm_service 15.0.0 (15.0.2 available)&#10;  watcher 1.1.3 (1.1.4 available)&#10;Got dependencies!&#10;30 packages have newer versions incompatible with dependency constraints.&#10;Try `flutter pub outdated` for more information.&#10;Running Gradle task &apos;assembleDevelopmentRelease&apos;...             &#10;e: Daemon compilation failed: null&#10;java.lang.Exception&#10;	at org.jetbrains.kotlin.daemon.common.CompileService$CallResult$Error.get(CompileService.kt:69)&#10;	at org.jetbrains.kotlin.daemon.common.CompileService$CallResult$Error.get(CompileService.kt:65)&#10;	at org.jetbrains.kotlin.compilerRunner.GradleKotlinCompilerWork.compileWithDaemon(GradleKotlinCompilerWork.kt:240)&#10;	at org.jetbrains.kotlin.compilerRunner.GradleKotlinCompilerWork.compileWithDaemonOrFallbackImpl(GradleKotlinCompilerWork.kt:159)&#10;	at org.jetbrains.kotlin.compilerRunner.GradleKotlinCompilerWork.run(GradleKotlinCompilerWork.kt:111)&#10;	at org.jetbrains.kotlin.compilerRunner.GradleCompilerRunnerWithWorkers$GradleKotlinCompilerWorkAction.execute(GradleCompilerRunnerWithWorkers.kt:76)&#10;	at org.gradle.workers.internal.DefaultWorkerServer.execute(DefaultWorkerServer.java:63)&#10;	at org.gradle.workers.internal.NoIsolationWorkerFactory$1$1.create(NoIsolationWorkerFactory.java:66)&#10;	at org.gradle.workers.internal.NoIsolationWorkerFactory$1$1.create(NoIsolationWorkerFactory.java:62)&#10;	at org.gradle.internal.classloader.ClassLoaderUtils.executeInClassloader(ClassLoaderUtils.java:100)&#10;	at org.gradle.workers.internal.NoIsolationWorkerFactory$1.lambda$execute$0(NoIsolationWorkerFactory.java:62)&#10;	at org.gradle.workers.internal.AbstractWorker$1.call(AbstractWorker.java:44)&#10;	at org.gradle.workers.internal.AbstractWorker$1.call(AbstractWorker.java:41)&#10;	at org.gradle.internal.operations.DefaultBuildOperationRunner$CallableBuildOperationWorker.execute(DefaultBuildOperationRunner.java:209)&#10;	at org.gradle.internal.operations.DefaultBuildOperationRunner$CallableBuildOperationWorker.execute(DefaultBuildOperationRunner.java:204)&#10;	at org.gradle.internal.operations.DefaultBuildOperationRunner$2.execute(DefaultBuildOperationRunner.java:66)&#10;	at org.gradle.internal.operations.DefaultBuildOperationRunner$2.execute(DefaultBuildOperationRunner.java:59)&#10;	at org.gradle.internal.operations.DefaultBuildOperationRunner.execute(DefaultBuildOperationRunner.java:166)&#10;	at org.gradle.internal.operations.DefaultBuildOperationRunner.execute(DefaultBuildOperationRunner.java:59)&#10;	at org.gradle.internal.operations.DefaultBuildOperationRunner.call(DefaultBuildOperationRunner.java:53)&#10;	at org.gradle.workers.internal.AbstractWorker.executeWrappedInBuildOperation(AbstractWorker.java:41)&#10;	at org.gradle.workers.internal.NoIsolationWorkerFactory$1.execute(NoIsolationWorkerFactory.java:59)&#10;	at org.gradle.workers.internal.DefaultWorkerExecutor.lambda$submitWork$0(DefaultWorkerExecutor.java:174)&#10;	at java.base/java.util.concurrent.FutureTask.run(FutureTask.java:264)&#10;	at org.gradle.internal.work.DefaultConditionalExecutionQueue$ExecutionRunner.runExecution(DefaultConditionalExecutionQueue.java:194)&#10;	at org.gradle.internal.work.DefaultConditionalExecutionQueue$ExecutionRunner.access$700(DefaultConditionalExecutionQueue.java:127)&#10;	at org.gradle.internal.work.DefaultConditionalExecutionQueue$ExecutionRunner$1.run(DefaultConditionalExecutionQueue.java:169)&#10;	at org.gradle.internal.Factories$1.create(Factories.java:31)&#10;	at org.gradle.internal.work.DefaultWorkerLeaseService.withLocks(DefaultWorkerLeaseService.java:263)&#10;	at org.gradle.internal.work.DefaultWorkerLeaseService.runAsWorkerThread(DefaultWorkerLeaseService.java:127)&#10;	at org.gradle.internal.work.DefaultWorkerLeaseService.runAsWorkerThread(DefaultWorkerLeaseService.java:132)&#10;	at org.gradle.internal.work.DefaultConditionalExecutionQueue$ExecutionRunner.runBatch(DefaultConditionalExecutionQueue.java:164)&#10;	at org.gradle.internal.work.DefaultConditionalExecutionQueue$ExecutionRunner.run(DefaultConditionalExecutionQueue.java:133)&#10;	at java.base/java.util.concurrent.Executors$RunnableAdapter.call(Executors.java:539)&#10;	at java.base/java.util.concurrent.FutureTask.run(FutureTask.java:264)&#10;	at org.gradle.internal.concurrent.ExecutorPolicy$CatchAndRecordFailures.onExecute(ExecutorPolicy.java:64)&#10;	at org.gradle.internal.concurrent.AbstractManagedExecutor$1.run(AbstractManagedExecutor.java:48)&#10;	at java.base/java.util.concurrent.ThreadPoolExecutor.runWorker(ThreadPoolExecutor.java:1136)&#10;	at java.base/java.util.concurrent.ThreadPoolExecutor$Worker.run(ThreadPoolExecutor.java:635)&#10;	at java.base/java.lang.Thread.run(Thread.java:840)&#10;Caused by: java.lang.AssertionError: java.lang.Exception: Could not close incremental caches in E:\flutter_projects\carefull\build\shared_preferences_android\kotlin\compileReleaseKotlin\cacheable\caches-jvm\jvm\kotlin: class-fq-name-to-source.tab, source-to-classes.tab, internal-name-to-source.tab&#10;	at org.jetbrains.kotlin.com.google.common.io.Closer.close(Closer.java:236)&#10;	at org.jetbrains.kotlin.incremental.IncrementalCachesManager.close(IncrementalCachesManager.kt:55)&#10;	at kotlin.io.CloseableKt.closeFinally(Closeable.kt:56)&#10;	at org.jetbrains.kotlin.incremental.IncrementalCompilerRunner.compileNonIncrementally(IncrementalCompilerRunner.kt:293)&#10;	at org.jetbrains.kotlin.incremental.IncrementalCompilerRunner.compile(IncrementalCompilerRunner.kt:129)&#10;	at org.jetbrains.kotlin.daemon.CompileServiceImplBase.execIncrementalCompiler(CompileServiceImpl.kt:674)&#10;	at org.jetbrains.kotlin.daemon.CompileServiceImplBase.access$execIncrementalCompiler(CompileServiceImpl.kt:91)&#10;	at org.jetbrains.kotlin.daemon.CompileServiceImpl.compile(CompileServiceImpl.kt:1659)&#10;	at java.base/jdk.internal.reflect.NativeMethodAccessorImpl.invoke0(Native Method)&#10;	at java.base/jdk.internal.reflect.NativeMethodAccessorImpl.invoke(NativeMethodAccessorImpl.java:77)&#10;	at java.base/jdk.internal.reflect.DelegatingMethodAccessorImpl.invoke(DelegatingMethodAccessorImpl.java:43)&#10;	at java.base/java.lang.reflect.Method.invoke(Method.java:568)&#10;	at java.rmi/sun.rmi.server.UnicastServerRef.dispatch(UnicastServerRef.java:360)&#10;	at java.rmi/sun.rmi.transport.Transport$1.run(Transport.java:200)&#10;	at java.rmi/sun.rmi.transport.Transport$1.run(Transport.java:197)&#10;	at java.base/java.security.AccessController.doPrivileged(AccessController.java:712)&#10;	at java.rmi/sun.rmi.transport.Transport.serviceCall(Transport.java:196)&#10;	at java.rmi/sun.rmi.transport.tcp.TCPTransport.handleMessages(TCPTransport.java:587)&#10;	at java.rmi/sun.rmi.transport.tcp.TCPTransport$ConnectionHandler.run0(TCPTransport.java:828)&#10;	at java.rmi/sun.rmi.transport.tcp.TCPTransport$ConnectionHandler.lambda$run$0(TCPTransport.java:705)&#10;	at java.base/java.security.AccessController.doPrivileged(AccessController.java:399)&#10;	at java.rmi/sun.rmi.transport.tcp.TCPTransport$ConnectionHandler.run(TCPTransport.java:704)&#10;	... 3 more&#10;Caused by: java.lang.Exception: Could not close incremental caches in E:\flutter_projects\carefull\build\shared_preferences_android\kotlin\compileReleaseKotlin\cacheable\caches-jvm\jvm\kotlin: class-fq-name-to-source.tab, source-to-classes.tab, internal-name-to-source.tab&#10;	at org.jetbrains.kotlin.incremental.storage.BasicMapsOwner.forEachMapSafe(BasicMapsOwner.kt:95)&#10;	at org.jetbrains.kotlin.incremental.storage.BasicMapsOwner.close(BasicMapsOwner.kt:53)&#10;	at org.jetbrains.kotlin.com.google.common.io.Closer.close(Closer.java:223)&#10;	... 24 more&#10;	Suppressed: java.lang.IllegalArgumentException: this and base files have different roots: C:\Users\Karim\AppData\Local\Pub\Cache\hosted\pub.dev\shared_preferences_android-2.4.13\android\src\main\kotlin\io\flutter\plugins\sharedpreferences\MessagesAsync.g.kt and E:\flutter_projects\carefull\android.&#10;		at kotlin.io.FilesKt__UtilsKt.toRelativeString(Utils.kt:117)&#10;		at kotlin.io.FilesKt__UtilsKt.relativeTo(Utils.kt:128)&#10;		at org.jetbrains.kotlin.incremental.storage.RelocatableFileToPathConverter.toPath(RelocatableFileToPathConverter.kt:24)&#10;		at org.jetbrains.kotlin.incremental.storage.FileDescriptor.save(FileToPathConverter.kt:33)&#10;		at org.jetbrains.kotlin.incremental.storage.FileDescriptor.save(FileToPathConverter.kt:30)&#10;		at org.jetbrains.kotlin.com.intellij.util.io.PersistentMapImpl.doPut(PersistentMapImpl.java:443)&#10;		at org.jetbrains.kotlin.com.intellij.util.io.PersistentMapImpl.put(PersistentMapImpl.java:422)&#10;		at org.jetbrains.kotlin.com.intellij.util.io.PersistentHashMap.put(PersistentHashMap.java:105)&#10;		at org.jetbrains.kotlin.incremental.storage.LazyStorage.set(LazyStorage.kt:80)&#10;		at org.jetbrains.kotlin.incremental.storage.InMemoryStorage.applyChanges(InMemoryStorage.kt:108)&#10;		at org.jetbrains.kotlin.incremental.storage.InMemoryStorage.close(InMemoryStorage.kt:136)&#10;		at org.jetbrains.kotlin.incremental.storage.PersistentStorageWrapper.close(PersistentStorage.kt:124)&#10;		at org.jetbrains.kotlin.incremental.storage.BasicMapsOwner$close$1.invoke(BasicMapsOwner.kt:53)&#10;		at org.jetbrains.kotlin.incremental.storage.BasicMapsOwner$close$1.invoke(BasicMapsOwner.kt:53)&#10;		at org.jetbrains.kotlin.incremental.storage.BasicMapsOwner.forEachMapSafe(BasicMapsOwner.kt:87)&#10;		... 26 more&#10;	Suppressed: java.lang.IllegalArgumentException: this and base files have different roots: C:\Users\Karim\AppData\Local\Pub\Cache\hosted\pub.dev\shared_preferences_android-2.4.13\android\src\main\kotlin\io\flutter\plugins\sharedpreferences\MessagesAsync.g.kt and E:\flutter_projects\carefull\android.&#10;		at kotlin.io.FilesKt__UtilsKt.toRelativeString(Utils.kt:117)&#10;		at kotlin.io.FilesKt__UtilsKt.relativeTo(Utils.kt:128)&#10;		at org.jetbrains.kotlin.incremental.storage.RelocatableFileToPathConverter.toPath(RelocatableFileToPathConverter.kt:24)&#10;		at org.jetbrains.kotlin.incremental.storage.FileDescriptor.getHashCode(FileToPathConverter.kt:50)&#10;		at org.jetbrains.kotlin.incremental.storage.FileDescriptor.getHashCode(FileToPathConverter.kt:30)&#10;		at org.jetbrains.kotlin.com.intellij.util.containers.LinkedCustomHashMap.hashKey(LinkedCustomHashMap.java:109)&#10;		at org.jetbrains.kotlin.com.intellij.util.containers.LinkedCustomHashMap.remove(LinkedCustomHashMap.java:153)&#10;		at org.jetbrains.kotlin.com.intellij.util.containers.SLRUMap.remove(SLRUMap.java:89)&#10;		at org.jetbrains.kotlin.com.intellij.util.io.PersistentMapImpl.flushAppendCache(PersistentMapImpl.java:999)&#10;		at org.jetbrains.kotlin.com.intellij.util.io.PersistentMapImpl.doPut(PersistentMapImpl.java:451)&#10;		at org.jetbrains.kotlin.com.intellij.util.io.PersistentMapImpl.put(PersistentMapImpl.java:422)&#10;		at org.jetbrains.kotlin.com.intellij.util.io.PersistentHashMap.put(PersistentHashMap.java:105)&#10;		at org.jetbrains.kotlin.incremental.storage.LazyStorage.set(LazyStorage.kt:80)&#10;		at org.jetbrains.kotlin.incremental.storage.InMemoryStorage.applyChanges(InMemoryStorage.kt:108)&#10;		at org.jetbrains.kotlin.incremental.storage.AppendableInMemoryStorage.applyChanges(InMemoryStorage.kt:179)&#10;		at org.jetbrains.kotlin.incremental.storage.InMemoryStorage.close(InMemoryStorage.kt:136)&#10;		at org.jetbrains.kotlin.incremental.storage.AppendableSetBasicMap.close(BasicMap.kt:157)&#10;		at org.jetbrains.kotlin.incremental.storage.BasicMapsOwner$close$1.invoke(BasicMapsOwner.kt:53)&#10;		at org.jetbrains.kotlin.incremental.storage.BasicMapsOwner$close$1.invoke(BasicMapsOwner.kt:53)&#10;		at org.jetbrains.kotlin.incremental.storage.BasicMapsOwner.forEachMapSafe(BasicMapsOwner.kt:87)&#10;		... 26 more&#10;	Suppressed: java.lang.IllegalArgumentException: this and base files have different roots: C:\Users\Karim\AppData\Local\Pub\Cache\hosted\pub.dev\shared_preferences_android-2.4.13\android\src\main\kotlin\io\flutter\plugins\sharedpreferences\MessagesAsync.g.kt and E:\flutter_projects\carefull\android.&#10;		at kotlin.io.FilesKt__UtilsKt.toRelativeString(Utils.kt:117)&#10;		at kotlin.io.FilesKt__UtilsKt.relativeTo(Utils.kt:128)&#10;		at org.jetbrains.kotlin.incremental.storage.RelocatableFileToPathConverter.toPath(RelocatableFileToPathConverter.kt:24)&#10;		at org.jetbrains.kotlin.incremental.storage.FileDescriptor.save(FileToPathConverter.kt:33)&#10;		at org.jetbrains.kotlin.incremental.storage.FileDescriptor.save(FileToPathConverter.kt:30)&#10;		at org.jetbrains.kotlin.incremental.storage.AppendableCollectionExternalizer.save(LazyStorage.kt:151)&#10;		at org.jetbrains.kotlin.incremental.storage.AppendableCollectionExternalizer.save(LazyStorage.kt:142)&#10;		at org.jetbrains.kotlin.com.intellij.util.io.PersistentMapImpl.doPut(PersistentMapImpl.java:443)&#10;		at org.jetbrains.kotlin.com.intellij.util.io.PersistentMapImpl.put(PersistentMapImpl.java:422)&#10;		at org.jetbrains.kotlin.com.intellij.util.io.PersistentHashMap.put(PersistentHashMap.java:105)&#10;		at org.jetbrains.kotlin.incremental.storage.LazyStorage.set(LazyStorage.kt:80)&#10;		at org.jetbrains.kotlin.incremental.storage.InMemoryStorage.applyChanges(InMemoryStorage.kt:108)&#10;		at org.jetbrains.kotlin.incremental.storage.AppendableInMemoryStorage.applyChanges(InMemoryStorage.kt:179)&#10;		at org.jetbrains.kotlin.incremental.storage.InMemoryStorage.close(InMemoryStorage.kt:136)&#10;		at org.jetbrains.kotlin.incremental.storage.PersistentStorageWrapper.close(PersistentStorage.kt:124)&#10;		at org.jetbrains.kotlin.incremental.storage.BasicMapsOwner$close$1.invoke(BasicMapsOwner.kt:53)&#10;		at org.jetbrains.kotlin.incremental.storage.BasicMapsOwner$close$1.invoke(BasicMapsOwner.kt:53)&#10;		at org.jetbrains.kotlin.incremental.storage.BasicMapsOwner.forEachMapSafe(BasicMapsOwner.kt:87)&#10;		... 26 more&#10;	Suppressed: java.lang.Exception: Could not close incremental caches in E:\flutter_projects\carefull\build\shared_preferences_android\kotlin\compileReleaseKotlin\cacheable\caches-jvm\lookups: id-to-file.tab, file-to-id.tab&#10;		at org.jetbrains.kotlin.incremental.storage.BasicMapsOwner.forEachMapSafe(BasicMapsOwner.kt:95)&#10;		at org.jetbrains.kotlin.incremental.storage.BasicMapsOwner.close(BasicMapsOwner.kt:53)&#10;		at org.jetbrains.kotlin.incremental.LookupStorage.close(LookupStorage.kt:155)&#10;		... 25 more&#10;		Suppressed: java.lang.IllegalArgumentException: this and base files have different roots: C:\Users\Karim\AppData\Local\Pub\Cache\hosted\pub.dev\shared_preferences_android-2.4.13\android\src\main\kotlin\io\flutter\plugins\sharedpreferences\MessagesAsync.g.kt and E:\flutter_projects\carefull\android.&#10;			at kotlin.io.FilesKt__UtilsKt.toRelativeString(Utils.kt:117)&#10;			at kotlin.io.FilesKt__UtilsKt.relativeTo(Utils.kt:128)&#10;			at org.jetbrains.kotlin.incremental.storage.RelocatableFileToPathConverter.toPath(RelocatableFileToPathConverter.kt:24)&#10;			at org.jetbrains.kotlin.incremental.storage.LegacyFileExternalizer.save(IdToFileMap.kt:51)&#10;			at org.jetbrains.kotlin.incremental.storage.LegacyFileExternalizer.save(IdToFileMap.kt:48)&#10;			at org.jetbrains.kotlin.com.intellij.util.io.PersistentMapImpl.doPut(PersistentMapImpl.java:443)&#10;			at org.jetbrains.kotlin.com.intellij.util.io.PersistentMapImpl.put(PersistentMapImpl.java:422)&#10;			at org.jetbrains.kotlin.com.intellij.util.io.PersistentHashMap.put(PersistentHashMap.java:105)&#10;			at org.jetbrains.kotlin.incremental.storage.LazyStorage.set(LazyStorage.kt:80)&#10;			at org.jetbrains.kotlin.incremental.storage.InMemoryStorage.applyChanges(InMemoryStorage.kt:108)&#10;			at org.jetbrains.kotlin.incremental.storage.InMemoryStorage.close(InMemoryStorage.kt:136)&#10;			at org.jetbrains.kotlin.incremental.storage.PersistentStorageWrapper.close(PersistentStorage.kt:124)&#10;			at org.jetbrains.kotlin.incremental.storage.BasicMapsOwner$close$1.invoke(BasicMapsOwner.kt:53)&#10;			at org.jetbrains.kotlin.incremental.storage.BasicMapsOwner$close$1.invoke(BasicMapsOwner.kt:53)&#10;			at org.jetbrains.kotlin.incremental.storage.BasicMapsOwner.forEachMapSafe(BasicMapsOwner.kt:87)&#10;			... 27 more&#10;		Suppressed: java.lang.IllegalArgumentException: this and base files have different roots: C:\Users\Karim\AppData\Local\Pub\Cache\hosted\pub.dev\shared_preferences_android-2.4.13\android\src\main\kotlin\io\flutter\plugins\sharedpreferences\MessagesAsync.g.kt and E:\flutter_projects\carefull\android.&#10;			at kotlin.io.FilesKt__UtilsKt.toRelativeString(Utils.kt:117)&#10;			at kotlin.io.FilesKt__UtilsKt.relativeTo(Utils.kt:128)&#10;			at org.jetbrains.kotlin.incremental.storage.RelocatableFileToPathConverter.toPath(RelocatableFileToPathConverter.kt:24)&#10;			at org.jetbrains.kotlin.incremental.storage.FileDescriptor.getHashCode(FileToPathConverter.kt:50)&#10;			at org.jetbrains.kotlin.incremental.storage.FileDescriptor.getHashCode(FileToPathConverter.kt:30)&#10;			at org.jetbrains.kotlin.com.intellij.util.containers.LinkedCustomHashMap.hashKey(LinkedCustomHashMap.java:109)&#10;			at org.jetbrains.kotlin.com.intellij.util.containers.LinkedCustomHashMap.remove(LinkedCustomHashMap.java:153)&#10;			at org.jetbrains.kotlin.com.intellij.util.containers.SLRUMap.remove(SLRUMap.java:89)&#10;			at org.jetbrains.kotlin.com.intellij.util.io.PersistentMapImpl.flushAppendCache(PersistentMapImpl.java:999)&#10;			at org.jetbrains.kotlin.com.intellij.util.io.PersistentMapImpl.doPut(PersistentMapImpl.java:451)&#10;			at org.jetbrains.kotlin.com.intellij.util.io.PersistentMapImpl.put(PersistentMapImpl.java:422)&#10;			at org.jetbrains.kotlin.com.intellij.util.io.PersistentHashMap.put(PersistentHashMap.java:105)&#10;			at org.jetbrains.kotlin.incremental.storage.LazyStorage.set(LazyStorage.kt:80)&#10;			at org.jetbrains.kotlin.incremental.storage.InMemoryStorage.applyChanges(InMemoryStorage.kt:108)&#10;			at org.jetbrains.kotlin.incremental.storage.InMemoryStorage.close(InMemoryStorage.kt:136)&#10;			at org.jetbrains.kotlin.incremental.storage.PersistentStorageWrapper.close(PersistentStorage.kt:124)&#10;			at org.jetbrains.kotlin.incremental.storage.BasicMapsOwner$close$1.invoke(BasicMapsOwner.kt:53)&#10;			at org.jetbrains.kotlin.incremental.storage.BasicMapsOwner$close$1.invoke(BasicMapsOwner.kt:53)&#10;			at org.jetbrains.kotlin.incremental.storage.BasicMapsOwner.forEachMapSafe(BasicMapsOwner.kt:87)&#10;			... 27 more&#10;	Suppressed: java.lang.Exception: Could not close incremental caches in E:\flutter_projects\carefull\build\shared_preferences_android\kotlin\compileReleaseKotlin\cacheable\caches-jvm\inputs: source-to-output.tab&#10;		... 27 more&#10;		Suppressed: java.lang.IllegalArgumentException: this and base files have different roots: C:\Users\Karim\AppData\Local\Pub\Cache\hosted\pub.dev\shared_preferences_android-2.4.13\android\src\main\kotlin\io\flutter\plugins\sharedpreferences\MessagesAsync.g.kt and E:\flutter_projects\carefull\android.&#10;			at kotlin.io.FilesKt__UtilsKt.toRelativeString(Utils.kt:117)&#10;			at kotlin.io.FilesKt__UtilsKt.relativeTo(Utils.kt:128)&#10;			at org.jetbrains.kotlin.incremental.storage.RelocatableFileToPathConverter.toPath(RelocatableFileToPathConverter.kt:24)&#10;			at org.jetbrains.kotlin.incremental.storage.FileDescriptor.getHashCode(FileToPathConverter.kt:50)&#10;			at org.jetbrains.kotlin.incremental.storage.FileDescriptor.getHashCode(FileToPathConverter.kt:30)&#10;			at org.jetbrains.kotlin.com.intellij.util.containers.LinkedCustomHashMap.hashKey(LinkedCustomHashMap.java:109)&#10;			at org.jetbrains.kotlin.com.intellij.util.containers.LinkedCustomHashMap.remove(LinkedCustomHashMap.java:153)&#10;			at org.jetbrains.kotlin.com.intellij.util.containers.SLRUMap.remove(SLRUMap.java:89)&#10;			at org.jetbrains.kotlin.com.intellij.util.io.PersistentMapImpl.flushAppendCache(PersistentMapImpl.java:999)&#10;			at org.jetbrains.kotlin.com.intellij.util.io.PersistentMapImpl.doPut(PersistentMapImpl.java:451)&#10;			at org.jetbrains.kotlin.com.intellij.util.io.PersistentMapImpl.put(PersistentMapImpl.java:422)&#10;			at org.jetbrains.kotlin.com.intellij.util.io.PersistentHashMap.put(PersistentHashMap.java:105)&#10;			at org.jetbrains.kotlin.incremental.storage.LazyStorage.set(LazyStorage.kt:80)&#10;			at org.jetbrains.kotlin.incremental.storage.InMemoryStorage.applyChanges(InMemoryStorage.kt:108)&#10;			at org.jetbrains.kotlin.incremental.storage.AppendableInMemoryStorage.applyChanges(InMemoryStorage.kt:179)&#10;			at org.jetbrains.kotlin.incremental.storage.InMemoryStorage.close(InMemoryStorage.kt:136)&#10;			at org.jetbrains.kotlin.incremental.storage.AppendableSetBasicMap.close(BasicMap.kt:157)&#10;			at org.jetbrains.kotlin.incremental.storage.BasicMapsOwner$close$1.invoke(BasicMapsOwner.kt:53)&#10;			at org.jetbrains.kotlin.incremental.storage.BasicMapsOwner$close$1.invoke(BasicMapsOwner.kt:53)&#10;			at org.jetbrains.kotlin.incremental.storage.BasicMapsOwner.forEachMapSafe(BasicMapsOwner.kt:87)&#10;			... 26 more&#10;&#10;&#10;FAILURE: Build failed with an exception.&#10;&#10;* What went wrong:&#10;Execution failed for task &apos;:app:configureCMakeRelWithDebInfo[x86_64]&apos;.&#10;&gt; [CXX1429] error when building with cmake using C:\src\flutter\packages\flutter_tools\gradle\src\main\scripts\CMakeLists.txt: Not searching for unused variables given on the command line.&#10;  -- The C compiler identification is Clang 18.0.1&#10;  -- The CXX compiler identification is Clang 18.0.1&#10;  -- Detecting C compiler ABI info&#10;  -- Detecting C compiler ABI info - failed&#10;  -- Check for working C compiler: C:/Users/Karim/AppData/Local/Android/Sdk/ndk/27.0.12077973/toolchains/llvm/prebuilt/windows-x86_64/bin/clang.exe&#10;  -- Configuring incomplete, errors occurred!&#10;  See also &quot;E:/flutter_projects/carefull/build/.cxx/RelWithDebInfo/l3x212t5/x86_64/CMakeFiles/CMakeError.log&quot;.&#10;&#10;  C++ build system [configure] failed while executing:&#10;      @echo off&#10;      &quot;C:\\Users\\Karim\\AppData\\Local\\Android\\sdk\\cmake\\3.22.1\\bin\\cmake.exe&quot; ^&#10;        &quot;-HC:\\src\\flutter\\packages\\flutter_tools\\gradle\\src\\main\\scripts&quot; ^&#10;        &quot;-DCMAKE_SYSTEM_NAME=Android&quot; ^&#10;        &quot;-DCMAKE_EXPORT_COMPILE_COMMANDS=ON&quot; ^&#10;        &quot;-DCMAKE_SYSTEM_VERSION=21&quot; ^&#10;        &quot;-DANDROID_PLATFORM=android-21&quot; ^&#10;        &quot;-DANDROID_ABI=x86_64&quot; ^&#10;        &quot;-DCMAKE_ANDROID_ARCH_ABI=x86_64&quot; ^&#10;        &quot;-DANDROID_NDK=C:\\Users\\Karim\\AppData\\Local\\Android\\sdk\\ndk\\27.0.12077973&quot; ^&#10;        &quot;-DCMAKE_ANDROID_NDK=C:\\Users\\Karim\\AppData\\Local\\Android\\sdk\\ndk\\27.0.12077973&quot; ^&#10;        &quot;-DCMAKE_TOOLCHAIN_FILE=C:\\Users\\Karim\\AppData\\Local\\Android\\sdk\\ndk\\27.0.12077973\\build\\cmake\\android.toolchain.cmake&quot; ^&#10;        &quot;-DCMAKE_MAKE_PROGRAM=C:\\Users\\Karim\\AppData\\Local\\Android\\sdk\\cmake\\3.22.1\\bin\\ninja.exe&quot; ^&#10;        &quot;-DCMAKE_LIBRARY_OUTPUT_DIRECTORY=E:\\flutter_projects\\carefull\\build\\app\\intermediates\\cxx\\RelWithDebInfo\\l3x212t5\\obj\\x86_64&quot; ^&#10;        &quot;-DCMAKE_RUNTIME_OUTPUT_DIRECTORY=E:\\flutter_projects\\carefull\\build\\app\\intermediates\\cxx\\RelWithDebInfo\\l3x212t5\\obj\\x86_64&quot; ^&#10;        &quot;-DCMAKE_BUILD_TYPE=RelWithDebInfo&quot; ^&#10;        &quot;-BE:\\flutter_projects\\carefull\\build\\.cxx\\RelWithDebInfo\\l3x212t5\\x86_64&quot; ^&#10;        -GNinja ^&#10;        -Wno-dev ^&#10;        --no-warn-unused-cli&#10;    from E:\flutter_projects\carefull\android\app&#10;  CMake Error: CMAKE_C_COMPILER not set, after EnableLanguage&#10;  CMake Error at C:/Users/Karim/AppData/Local/Android/Sdk/cmake/3.22.1/share/cmake-3.22/Modules/CMakeTestCCompiler.cmake:56 (try_compile):&#10;    Failed to configure test project build system.&#10;  Call Stack (most recent call first):&#10;    CMakeLists.txt : com.android.ide.common.process.ProcessException: Not searching for unused variables given on the command line.&#10;  -- The C compiler identification is Clang 18.0.1&#10;  -- The CXX compiler identification is Clang 18.0.1&#10;  -- Detecting C compiler ABI info&#10;  -- Detecting C compiler ABI info - failed&#10;  -- Check for working C compiler: C:/Users/Karim/AppData/Local/Android/Sdk/ndk/27.0.12077973/toolchains/llvm/prebuilt/windows-x86_64/bin/clang.exe&#10;  -- Configuring incomplete, errors occurred!&#10;  See also &quot;E:/flutter_projects/carefull/build/.cxx/RelWithDebInfo/l3x212t5/x86_64/CMakeFiles/CMakeError.log&quot;.&#10;&#10;  C++ build system [configure] failed while executing:&#10;      @echo off&#10;      &quot;C:\\Users\\Karim\\AppData\\Local\\Android\\sdk\\cmake\\3.22.1\\bin\\cmake.exe&quot; ^&#10;        &quot;-HC:\\src\\flutter\\packages\\flutter_tools\\gradle\\src\\main\\scripts&quot; ^&#10;        &quot;-DCMAKE_SYSTEM_NAME=Android&quot; ^&#10;        &quot;-DCMAKE_EXPORT_COMPILE_COMMANDS=ON&quot; ^&#10;        &quot;-DCMAKE_SYSTEM_VERSION=21&quot; ^&#10;        &quot;-DANDROID_PLATFORM=android-21&quot; ^&#10;        &quot;-DANDROID_ABI=x86_64&quot; ^&#10;        &quot;-DCMAKE_ANDROID_ARCH_ABI=x86_64&quot; ^&#10;        &quot;-DANDROID_NDK=C:\\Users\\Karim\\AppData\\Local\\Android\\sdk\\ndk\\27.0.12077973&quot; ^&#10;        &quot;-DCMAKE_ANDROID_NDK=C:\\Users\\Karim\\AppData\\Local\\Android\\sdk\\ndk\\27.0.12077973&quot; ^&#10;        &quot;-DCMAKE_TOOLCHAIN_FILE=C:\\Users\\Karim\\AppData\\Local\\Android\\sdk\\ndk\\27.0.12077973\\build\\cmake\\android.toolchain.cmake&quot; ^&#10;        &quot;-DCMAKE_MAKE_PROGRAM=C:\\Users\\Karim\\AppData\\Local\\Android\\sdk\\cmake\\3.22.1\\bin\\ninja.exe&quot; ^&#10;        &quot;-DCMAKE_LIBRARY_OUTPUT_DIRECTORY=E:\\flutter_projects\\carefull\\build\\app\\intermediates\\cxx\\RelWithDebInfo\\l3x212t5\\obj\\x86_64&quot; ^&#10;        &quot;-DCMAKE_RUNTIME_OUTPUT_DIRECTORY=E:\\flutter_projects\\carefull\\build\\app\\intermediates\\cxx\\RelWithDebInfo\\l3x212t5\\obj\\x86_64&quot; ^&#10;        &quot;-DCMAKE_BUILD_TYPE=RelWithDebInfo&quot; ^&#10;        &quot;-BE:\\flutter_projects\\carefull\\build\\.cxx\\RelWithDebInfo\\l3x212t5\\x86_64&quot; ^&#10;        -GNinja ^&#10;        -Wno-dev ^&#10;        --no-warn-unused-cli&#10;    from E:\flutter_projects\carefull\android\app&#10;  CMake Error: CMAKE_C_COMPILER not set, after EnableLanguage&#10;  CMake Error at C:/Users/Karim/AppData/Local/Android/Sdk/cmake/3.22.1/share/cmake-3.22/Modules/CMakeTestCCompiler.cmake:56 (try_compile):&#10;    Failed to configure test project build system.&#10;  Call Stack (most recent call first):&#10;    CMakeLists.txt&#10;  	at com.android.build.gradle.internal.cxx.process.ExecuteProcessKt.execute(ExecuteProcess.kt:288)&#10;  	at com.android.build.gradle.internal.cxx.process.ExecuteProcessKt$executeProcess$1.invoke(ExecuteProcess.kt:108)&#10;  	at com.android.build.gradle.internal.cxx.process.ExecuteProcessKt$executeProcess$1.invoke(ExecuteProcess.kt:106)&#10;  	at com.android.build.gradle.internal.cxx.timing.TimingEnvironmentKt.time(TimingEnvironment.kt:32)&#10;  	at com.android.build.gradle.internal.cxx.process.ExecuteProcessKt.executeProcess(ExecuteProcess.kt:106)&#10;  	at com.android.build.gradle.internal.cxx.process.ExecuteProcessKt.executeProcess$default(ExecuteProcess.kt:85)&#10;  	at com.android.build.gradle.tasks.CmakeQueryMetadataGenerator.executeProcess(CmakeFileApiMetadataGenerator.kt:59)&#10;  	at com.android.build.gradle.tasks.ExternalNativeJsonGenerator$configureOneAbi$1$1$3.invoke(ExternalNativeJsonGenerator.kt:247)&#10;  	at com.android.build.gradle.tasks.ExternalNativeJsonGenerator$configureOneAbi$1$1$3.invoke(ExternalNativeJsonGenerator.kt:247)&#10;  	at com.android.build.gradle.internal.cxx.timing.TimingEnvironmentKt.time(TimingEnvironment.kt:32)&#10;  	at com.android.build.gradle.tasks.ExternalNativeJsonGenerator.configureOneAbi(ExternalNativeJsonGenerator.kt:247)&#10;  	at com.android.build.gradle.tasks.ExternalNativeJsonGenerator.configure(ExternalNativeJsonGenerator.kt:113)&#10;  	at com.android.build.gradle.tasks.ExternalNativeBuildJsonTask.doTaskAction(ExternalNativeBuildJsonTask.kt:89)&#10;  	at com.android.build.gradle.internal.tasks.UnsafeOutputsTask$taskAction$$inlined$recordTaskAction$1.invoke(BaseTask.kt:78)&#10;  	at com.android.build.gradle.internal.tasks.Blocks.recordSpan(Blocks.java:51)&#10;  	at com.android.build.gradle.internal.tasks.UnsafeOutputsTask.taskAction(UnsafeOutputsTask.kt:81)&#10;  	at java.base/jdk.internal.reflect.NativeMethodAccessorImpl.invoke0(Native Method)&#10;  	at java.base/jdk.internal.reflect.NativeMethodAccessorImpl.invoke(NativeMethodAccessorImpl.java:77)&#10;  	at java.base/jdk.internal.reflect.DelegatingMethodAccessorImpl.invoke(DelegatingMethodAccessorImpl.java:43)&#10;  	at java.base/java.lang.reflect.Method.invoke(Method.java:568)&#10;  	at org.gradle.internal.reflect.JavaMethod.invoke(JavaMethod.java:125)&#10;  	at org.gradle.api.internal.project.taskfactory.StandardTaskAction.doExecute(StandardTaskAction.java:58)&#10;  	at org.gradle.api.internal.project.taskfactory.StandardTaskAction.execute(StandardTaskAction.java:51)&#10;  	at org.gradle.api.internal.project.taskfactory.StandardTaskAction.execute(StandardTaskAction.java:29)&#10;  	at org.gradle.api.internal.tasks.execution.TaskExecution$3.run(TaskExecution.java:244)&#10;  	at org.gradle.internal.operations.DefaultBuildOperationRunner$1.execute(DefaultBuildOperationRunner.java:29)&#10;  	at org.gradle.internal.operations.DefaultBuildOperationRunner$1.execute(DefaultBuildOperationRunner.java:26)&#10;  	at org.gradle.internal.operations.DefaultBuildOperationRunner$2.execute(DefaultBuildOperationRunner.java:66)&#10;  	at org.gradle.internal.operations.DefaultBuildOperationRunner$2.execute(DefaultBuildOperationRunner.java:59)&#10;  	at org.gradle.internal.operations.DefaultBuildOperationRunner.execute(DefaultBuildOperationRunner.java:166)&#10;  	at org.gradle.internal.operations.DefaultBuildOperationRunner.execute(DefaultBuildOperationRunner.java:59)&#10;  	at org.gradle.internal.operations.DefaultBuildOperationRunner.run(DefaultBuildOperationRunner.java:47)&#10;  	at org.gradle.api.internal.tasks.execution.TaskExecution.executeAction(TaskExecution.java:229)&#10;  	at org.gradle.api.internal.tasks.execution.TaskExecution.executeActions(TaskExecution.java:212)&#10;  	at org.gradle.api.internal.tasks.execution.TaskExecution.executeWithPreviousOutputFiles(TaskExecution.java:195)&#10;  	at org.gradle.api.internal.tasks.execution.TaskExecution.execute(TaskExecution.java:162)&#10;  	at org.gradle.internal.execution.steps.ExecuteStep.executeInternal(ExecuteStep.java:105)&#10;  	at org.gradle.internal.execution.steps.ExecuteStep.access$000(ExecuteStep.java:44)&#10;  	at org.gradle.internal.execution.steps.ExecuteStep$1.call(ExecuteStep.java:59)&#10;  	at org.gradle.internal.execution.steps.ExecuteStep$1.call(ExecuteStep.java:56)&#10;  	at org.gradle.internal.operations.DefaultBuildOperationRunner$CallableBuildOperationWorker.execute(DefaultBuildOperationRunner.java:209)&#10;  	at org.gradle.internal.operations.DefaultBuildOperationRunner$CallableBuildOperationWorker.execute(DefaultBuildOperationRunner.java:204)&#10;  	at org.gradle.internal.operations.DefaultBuildOperationRunner$2.execute(DefaultBuildOperationRunner.java:66)&#10;  	at org.gradle.internal.operations.DefaultBuildOperationRunner$2.execute(DefaultBuildOperationRunner.java:59)&#10;  	at org.gradle.internal.operations.DefaultBuildOperationRunner.execute(DefaultBuildOperationRunner.java:166)&#10;  	at org.gradle.internal.operations.DefaultBuildOperationRunner.execute(DefaultBuildOperationRunner.java:59)&#10;  	at org.gradle.internal.operations.DefaultBuildOperationRunner.call(DefaultBuildOperationRunner.java:53)&#10;  	at org.gradle.internal.execution.steps.ExecuteStep.execute(ExecuteStep.java:56)&#10;  	at org.gradle.internal.execution.steps.ExecuteStep.execute(ExecuteStep.java:44)&#10;  	at org.gradle.internal.execution.steps.CancelExecutionStep.execute(CancelExecutionStep.java:42)&#10;  	at org.gradle.internal.execution.steps.TimeoutStep.executeWithoutTimeout(TimeoutStep.java:75)&#10;  	at org.gradle.internal.execution.steps.TimeoutStep.execute(TimeoutStep.java:55)&#10;  	at org.gradle.internal.execution.steps.PreCreateOutputParentsStep.execute(PreCreateOutputParentsStep.java:50)&#10;  	at org.gradle.internal.execution.steps.PreCreateOutputParentsStep.execute(PreCreateOutputParentsStep.java:28)&#10;  	at org.gradle.internal.execution.steps.RemovePreviousOutputsStep.execute(RemovePreviousOutputsStep.java:67)&#10;  	at org.gradle.internal.execution.steps.RemovePreviousOutputsStep.execute(RemovePreviousOutputsStep.java:37)&#10;  	at org.gradle.internal.execution.steps.BroadcastChangingOutputsStep.execute(BroadcastChangingOutputsStep.java:61)&#10;  	at org.gradle.internal.execution.steps.BroadcastChangingOutputsStep.execute(BroadcastChangingOutputsStep.java:26)&#10;  	at org.gradle.internal.execution.steps.CaptureOutputsAfterExecutionStep.execute(CaptureOutputsAfterExecutionStep.java:69)&#10;  	at org.gradle.internal.execution.steps.CaptureOutputsAfterExecutionStep.execute(CaptureOutputsAfterExecutionStep.java:46)&#10;  	at org.gradle.internal.execution.steps.ResolveInputChangesStep.execute(ResolveInputChangesStep.java:40)&#10;  	at org.gradle.internal.execution.steps.ResolveInputChangesStep.execute(ResolveInputChangesStep.java:29)&#10;  	at org.gradle.internal.execution.steps.BuildCacheStep.executeWithoutCache(BuildCacheStep.java:189)&#10;  	at org.gradle.internal.execution.steps.BuildCacheStep.lambda$execute$1(BuildCacheStep.java:75)&#10;  	at org.gradle.internal.Either$Right.fold(Either.java:175)&#10;  	at org.gradle.internal.execution.caching.CachingState.fold(CachingState.java:62)&#10;  	at org.gradle.internal.execution.steps.BuildCacheStep.execute(BuildCacheStep.java:73)&#10;  	at org.gradle.internal.execution.steps.BuildCacheStep.execute(BuildCacheStep.java:48)&#10;  	at org.gradle.internal.execution.steps.StoreExecutionStateStep.execute(StoreExecutionStateStep.java:46)&#10;  	at org.gradle.internal.execution.steps.StoreExecutionStateStep.execute(StoreExecutionStateStep.java:35)&#10;  	at org.gradle.internal.execution.steps.SkipUpToDateStep.executeBecause(SkipUpToDateStep.java:75)&#10;  	at org.gradle.internal.execution.steps.SkipUpToDateStep.lambda$execute$2(SkipUpToDateStep.java:53)&#10;  	at java.base/java.util.Optional.orElseGet(Optional.java:364)&#10;  	at org.gradle.internal.execution.steps.SkipUpToDateStep.execute(SkipUpToDateStep.java:53)&#10;  	at org.gradle.internal.execution.steps.SkipUpToDateStep.execute(SkipUpToDateStep.java:35)&#10;  	at org.gradle.internal.execution.steps.legacy.MarkSnapshottingInputsFinishedStep.execute(MarkSnapshottingInputsFinishedStep.java:37)&#10;  	at org.gradle.internal.execution.steps.legacy.MarkSnapshottingInputsFinishedStep.execute(MarkSnapshottingInputsFinishedStep.java:27)&#10;  	at org.gradle.internal.execution.steps.ResolveIncrementalCachingStateStep.executeDelegate(ResolveIncrementalCachingStateStep.java:49)&#10;  	at org.gradle.internal.execution.steps.ResolveIncrementalCachingStateStep.executeDelegate(ResolveIncrementalCachingStateStep.java:27)&#10;  	at org.gradle.internal.execution.steps.AbstractResolveCachingStateStep.execute(AbstractResolveCachingStateStep.java:71)&#10;  	at org.gradle.internal.execution.steps.AbstractResolveCachingStateStep.execute(AbstractResolveCachingStateStep.java:39)&#10;  	at org.gradle.internal.execution.steps.ResolveChangesStep.execute(ResolveChangesStep.java:65)&#10;  	at org.gradle.internal.execution.steps.ResolveChangesStep.execute(ResolveChangesStep.java:36)&#10;  	at org.gradle.internal.execution.steps.ValidateStep.execute(ValidateStep.java:107)&#10;  	at org.gradle.internal.execution.steps.ValidateStep.execute(ValidateStep.java:56)&#10;  	at org.gradle.internal.execution.steps.AbstractCaptureStateBeforeExecutionStep.execute(AbstractCaptureStateBeforeExecutionStep.java:64)&#10;  	at org.gradle.internal.execution.steps.AbstractCaptureStateBeforeExecutionStep.execute(AbstractCaptureStateBeforeExecutionStep.java:43)&#10;  	at org.gradle.internal.execution.steps.AbstractSkipEmptyWorkStep.executeWithNonEmptySources(AbstractSkipEmptyWorkStep.java:125)&#10;  	at org.gradle.internal.execution.steps.AbstractSkipEmptyWorkStep.execute(AbstractSkipEmptyWorkStep.java:56)&#10;  	at org.gradle.internal.execution.steps.AbstractSkipEmptyWorkStep.execute(AbstractSkipEmptyWorkStep.java:36)&#10;  	at org.gradle.internal.execution.steps.legacy.MarkSnapshottingInputsStartedStep.execute(MarkSnapshottingInputsStartedStep.java:38)&#10;  	at org.gradle.internal.execution.steps.LoadPreviousExecutionStateStep.execute(LoadPreviousExecutionStateStep.java:36)&#10;  	at org.gradle.internal.execution.steps.LoadPreviousExecutionStateStep.execute(LoadPreviousExecutionStateStep.java:23)&#10;  	at org.gradle.internal.execution.steps.HandleStaleOutputsStep.execute(HandleStaleOutputsStep.java:75)&#10;  	at org.gradle.internal.execution.steps.HandleStaleOutputsStep.execute(HandleStaleOutputsStep.java:41)&#10;  	at org.gradle.internal.execution.steps.AssignMutableWorkspaceStep.lambda$execute$0(AssignMutableWorkspaceStep.java:35)&#10;  	at org.gradle.api.internal.tasks.execution.TaskExecution$4.withWorkspace(TaskExecution.java:289)&#10;  	at org.gradle.internal.execution.steps.AssignMutableWorkspaceStep.execute(AssignMutableWorkspaceStep.java:31)&#10;  	at org.gradle.internal.execution.steps.AssignMutableWorkspaceStep.execute(AssignMutableWorkspaceStep.java:22)&#10;  	at org.gradle.internal.execution.steps.ChoosePipelineStep.execute(ChoosePipelineStep.java:40)&#10;  	at org.gradle.internal.execution.steps.ChoosePipelineStep.execute(ChoosePipelineStep.java:23)&#10;  	at org.gradle.internal.execution.steps.ExecuteWorkBuildOperationFiringStep.lambda$execute$2(ExecuteWorkBuildOperationFiringStep.java:67)&#10;  	at java.base/java.util.Optional.orElseGet(Optional.java:364)&#10;  	at org.gradle.internal.execution.steps.ExecuteWorkBuildOperationFiringStep.execute(ExecuteWorkBuildOperationFiringStep.java:67)&#10;  	at org.gradle.internal.execution.steps.ExecuteWorkBuildOperationFiringStep.execute(ExecuteWorkBuildOperationFiringStep.java:39)&#10;  	at org.gradle.internal.execution.steps.IdentityCacheStep.execute(IdentityCacheStep.java:46)&#10;  	at org.gradle.internal.execution.steps.IdentityCacheStep.execute(IdentityCacheStep.java:34)&#10;  	at org.gradle.internal.execution.steps.IdentifyStep.execute(IdentifyStep.java:48)&#10;  	at org.gradle.internal.execution.steps.IdentifyStep.execute(IdentifyStep.java:35)&#10;  	at org.gradle.internal.execution.impl.DefaultExecutionEngine$1.execute(DefaultExecutionEngine.java:61)&#10;  	at org.gradle.api.internal.tasks.execution.ExecuteActionsTaskExecuter.executeIfValid(ExecuteActionsTaskExecuter.java:127)&#10;  	at org.gradle.api.internal.tasks.execution.ExecuteActionsTaskExecuter.execute(ExecuteActionsTaskExecuter.java:116)&#10;  	at org.gradle.api.internal.tasks.execution.ProblemsTaskPathTrackingTaskExecuter.execute(ProblemsTaskPathTrackingTaskExecuter.java:40)&#10;  	at org.gradle.api.internal.tasks.execution.FinalizePropertiesTaskExecuter.execute(FinalizePropertiesTaskExecuter.java:46)&#10;  	at org.gradle.api.internal.tasks.execution.ResolveTaskExecutionModeExecuter.execute(ResolveTaskExecutionModeExecuter.java:51)&#10;  	at org.gradle.api.internal.tasks.execution.SkipTaskWithNoActionsExecuter.execute(SkipTaskWithNoActionsExecuter.java:57)&#10;  	at org.gradle.api.internal.tasks.execution.SkipOnlyIfTaskExecuter.execute(SkipOnlyIfTaskExecuter.java:74)&#10;  	at org.gradle.api.internal.tasks.execution.CatchExceptionTaskExecuter.execute(CatchExceptionTaskExecuter.java:36)&#10;  	at org.gradle.api.internal.tasks.execution.EventFiringTaskExecuter$1.executeTask(EventFiringTaskExecuter.java:77)&#10;  	at org.gradle.api.internal.tasks.execution.EventFiringTaskExecuter$1.call(EventFiringTaskExecuter.java:55)&#10;  	at org.gradle.api.internal.tasks.execution.EventFiringTaskExecuter$1.call(EventFiringTaskExecuter.java:52)&#10;  	at org.gradle.internal.operations.DefaultBuildOperationRunner$CallableBuildOperationWorker.execute(DefaultBuildOperationRunner.java:209)&#10;  	at org.gradle.internal.operations.DefaultBuildOperationRunner$CallableBuildOperationWorker.execute(DefaultBuildOperationRunner.java:204)&#10;  	at org.gradle.internal.operations.DefaultBuildOperationRunner$2.execute(DefaultBuildOperationRunner.java:66)&#10;  	at org.gradle.internal.operations.DefaultBuildOperationRunner$2.execute(DefaultBuildOperationRunner.java:59)&#10;  	at org.gradle.internal.operations.DefaultBuildOperationRunner.execute(DefaultBuildOperationRunner.java:166)&#10;  	at org.gradle.internal.operations.DefaultBuildOperationRunner.execute(DefaultBuildOperationRunner.java:59)&#10;  	at org.gradle.internal.operations.DefaultBuildOperationRunner.call(DefaultBuildOperationRunner.java:53)&#10;  	at org.gradle.api.internal.tasks.execution.EventFiringTaskExecuter.execute(EventFiringTaskExecuter.java:52)&#10;  	at org.gradle.execution.plan.LocalTaskNodeExecutor.execute(LocalTaskNodeExecutor.java:42)&#10;  	at org.gradle.execution.taskgraph.DefaultTaskExecutionGraph$InvokeNodeExecutorsAction.execute(DefaultTaskExecutionGraph.java:331)&#10;  	at org.gradle.execution.taskgraph.DefaultTaskExecutionGraph$InvokeNodeExecutorsAction.execute(DefaultTaskExecutionGraph.java:318)&#10;  	at org.gradle.execution.taskgraph.DefaultTaskExecutionGraph$BuildOperationAwareExecutionAction.lambda$execute$0(DefaultTaskExecutionGraph.java:314)&#10;  	at org.gradle.internal.operations.CurrentBuildOperationRef.with(CurrentBuildOperationRef.java:85)&#10;  	at org.gradle.execution.taskgraph.DefaultTaskExecutionGraph$BuildOperationAwareExecutionAction.execute(DefaultTaskExecutionGraph.java:314)&#10;  	at org.gradle.execution.taskgraph.DefaultTaskExecutionGraph$BuildOperationAwareExecutionAction.execute(DefaultTaskExecutionGraph.java:303)&#10;  	at org.gradle.execution.plan.DefaultPlanExecutor$ExecutorWorker.execute(DefaultPlanExecutor.java:459)&#10;  	at org.gradle.execution.plan.DefaultPlanExecutor$ExecutorWorker.run(DefaultPlanExecutor.java:376)&#10;  	at org.gradle.execution.plan.DefaultPlanExecutor.process(DefaultPlanExecutor.java:111)&#10;  	at org.gradle.execution.taskgraph.DefaultTaskExecutionGraph.executeWithServices(DefaultTaskExecutionGraph.java:138)&#10;  	at org.gradle.execution.taskgraph.DefaultTaskExecutionGraph.execute(DefaultTaskExecutionGraph.java:123)&#10;  	at org.gradle.execution.SelectedTaskExecutionAction.execute(SelectedTaskExecutionAction.java:35)&#10;  	at org.gradle.execution.DryRunBuildExecutionAction.execute(DryRunBuildExecutionAction.java:51)&#10;  	at org.gradle.execution.BuildOperationFiringBuildWorkerExecutor$ExecuteTasks.call(BuildOperationFiringBuildWorkerExecutor.java:54)&#10;  	at org.gradle.execution.BuildOperationFiringBuildWorkerExecutor$ExecuteTasks.call(BuildOperationFiringBuildWorkerExecutor.java:43)&#10;  	at org.gradle.internal.operations.DefaultBuildOperationRunner$CallableBuildOperationWorker.execute(DefaultBuildOperationRunner.java:209)&#10;  	at org.gradle.internal.operations.DefaultBuildOperationRunner$CallableBuildOperationWorker.execute(DefaultBuildOperationRunner.java:204)&#10;  	at org.gradle.internal.operations.DefaultBuildOperationRunner$2.execute(DefaultBuildOperationRunner.java:66)&#10;  	at org.gradle.internal.operations.DefaultBuildOperationRunner$2.execute(DefaultBuildOperationRunner.java:59)&#10;  	at org.gradle.internal.operations.DefaultBuildOperationRunner.execute(DefaultBuildOperationRunner.java:166)&#10;  	at org.gradle.internal.operations.DefaultBuildOperationRunner.execute(DefaultBuildOperationRunner.java:59)&#10;  	at org.gradle.internal.operations.DefaultBuildOperationRunner.call(DefaultBuildOperationRunner.java:53)&#10;  	at org.gradle.execution.BuildOperationFiringBuildWorkerExecutor.execute(BuildOperationFiringBuildWorkerExecutor.java:40)&#10;  	at org.gradle.internal.build.DefaultBuildLifecycleController.lambda$executeTasks$10(DefaultBuildLifecycleController.java:313)&#10;  	at org.gradle.internal.model.StateTransitionController.doTransition(StateTransitionController.java:266)&#10;  	at org.gradle.internal.model.StateTransitionController.lambda$tryTransition$8(StateTransitionController.java:177)&#10;  	at org.gradle.internal.work.DefaultSynchronizer.withLock(DefaultSynchronizer.java:46)&#10;  	at org.gradle.internal.model.StateTransitionController.tryTransition(StateTransitionController.java:177)&#10;  	at org.gradle.internal.build.DefaultBuildLifecycleController.executeTasks(DefaultBuildLifecycleController.java:304)&#10;  	at org.gradle.internal.build.DefaultBuildWorkGraphController$DefaultBuildWorkGraph.runWork(DefaultBuildWorkGraphController.java:220)&#10;  	at org.gradle.internal.work.DefaultWorkerLeaseService.withLocks(DefaultWorkerLeaseService.java:263)&#10;  	at org.gradle.internal.work.DefaultWorkerLeaseService.runAsWorkerThread(DefaultWorkerLeaseService.java:127)&#10;  	at org.gradle.composite.internal.DefaultBuildController.doRun(DefaultBuildController.java:181)&#10;  	at org.gradle.composite.internal.DefaultBuildController.access$000(DefaultBuildController.java:50)&#10;  	at org.gradle.composite.internal.DefaultBuildController$BuildOpRunnable.lambda$run$0(DefaultBuildController.java:198)&#10;  	at org.gradle.internal.operations.CurrentBuildOperationRef.with(CurrentBuildOperationRef.java:85)&#10;  	at org.gradle.composite.internal.DefaultBuildController$BuildOpRunnable.run(DefaultBuildController.java:198)&#10;  	at java.base/java.util.concurrent.Executors$RunnableAdapter.call(Executors.java:539)&#10;  	at java.base/java.util.concurrent.FutureTask.run(FutureTask.java:264)&#10;  	at org.gradle.internal.concurrent.ExecutorPolicy$CatchAndRecordFailures.onExecute(ExecutorPolicy.java:64)&#10;  	at org.gradle.internal.concurrent.AbstractManagedExecutor$1.run(AbstractManagedExecutor.java:48)&#10;  	at java.base/java.util.concurrent.ThreadPoolExecutor.runWorker(ThreadPoolExecutor.java:1136)&#10;  	at java.base/java.util.concurrent.ThreadPoolExecutor$Worker.run(ThreadPoolExecutor.java:635)&#10;  	at java.base/java.lang.Thread.run(Thread.java:840)&#10;  Caused by: com.android.ide.common.process.ProcessException: Error while executing process C:\Users\Karim\AppData\Local\Android\sdk\cmake\3.22.1\bin\cmake.exe with arguments {-HC:\src\flutter\packages\flutter_tools\gradle\src\main\scripts -DCMAKE_SYSTEM_NAME=Android -DCMAKE_EXPORT_COMPILE_COMMANDS=ON -DCMAKE_SYSTEM_VERSION=21 -DANDROID_PLATFORM=android-21 -DANDROID_ABI=x86_64 -DCMAKE_ANDROID_ARCH_ABI=x86_64 -DANDROID_NDK=C:\Users\Karim\AppData\Local\Android\sdk\ndk\27.0.12077973 -DCMAKE_ANDROID_NDK=C:\Users\Karim\AppData\Local\Android\sdk\ndk\27.0.12077973 -DCMAKE_TOOLCHAIN_FILE=C:\Users\Karim\AppData\Local\Android\sdk\ndk\27.0.12077973\build\cmake\android.toolchain.cmake -DCMAKE_MAKE_PROGRAM=C:\Users\Karim\AppData\Local\Android\sdk\cmake\3.22.1\bin\ninja.exe -DCMAKE_LIBRARY_OUTPUT_DIRECTORY=E:\flutter_projects\carefull\build\app\intermediates\cxx\RelWithDebInfo\l3x212t5\obj\x86_64 -DCMAKE_RUNTIME_OUTPUT_DIRECTORY=E:\flutter_projects\carefull\build\app\intermediates\cxx\RelWithDebInfo\l3x212t5\obj\x86_64 -DCMAKE_BUILD_TYPE=RelWithDebInfo -BE:\flutter_projects\carefull\build\.cxx\RelWithDebInfo\l3x212t5\x86_64 -GNinja -Wno-dev --no-warn-unused-cli}&#10;  	at com.android.build.gradle.internal.process.GradleProcessResult.buildProcessException(GradleProcessResult.java:73)&#10;  	at com.android.build.gradle.internal.process.GradleProcessResult.assertNormalExitValue(GradleProcessResult.java:48)&#10;  	at com.android.build.gradle.internal.cxx.process.ExecuteProcessKt.execute(ExecuteProcess.kt:277)&#10;  	... 173 more&#10;  Caused by: org.gradle.process.internal.ExecException: Process &apos;command &apos;C:\Users\Karim\AppData\Local\Android\sdk\cmake\3.22.1\bin\cmake.exe&apos;&apos; finished with non-zero exit value 1&#10;  	at org.gradle.process.internal.DefaultExecHandle$ExecResultImpl.assertNormalExitValue(DefaultExecHandle.java:442)&#10;  	at com.android.build.gradle.internal.process.GradleProcessResult.assertNormalExitValue(GradleProcessResult.java:46)&#10;  	... 174 more&#10;&#10;&#10;* Try:&#10;&gt; Run with --stacktrace option to get the stack trace.&#10;&gt; Run with --info or --debug option to get more log output.&#10;&gt; Run with --scan to get full insights.&#10;&gt; Get more help at https://help.gradle.org.&#10;&#10;BUILD FAILED in 10m 24s&#10;Running Gradle task &apos;assembleDevelopmentRelease&apos;...               627.3s&#10;Gradle task assembleDevelopmentRelease failed with exit code 1&#10;" />
        
      </testcase>
    
  </testsuite>
</testsuites>
